Determining if the pthread_create exist failed with the following output:
Change Dir: /home/brent/ros_ws/k2_client/build/CMakeFiles/CMakeTmp

Run Build Command:"/usr/bin/make" "cmTryCompileExec4286577771/fast"
make[1]: Entering directory `/home/brent/ros_ws/k2_client/build/CMakeFiles/CMakeTmp'
/usr/bin/make -f CMakeFiles/cmTryCompileExec4286577771.dir/build.make CMakeFiles/cmTryCompileExec4286577771.dir/build
make[2]: Entering directory `/home/brent/ros_ws/k2_client/build/CMakeFiles/CMakeTmp'
/usr/local/bin/cmake -E cmake_progress_report /home/brent/ros_ws/k2_client/build/CMakeFiles/CMakeTmp/CMakeFiles 1
Building C object CMakeFiles/cmTryCompileExec4286577771.dir/CheckSymbolExists.c.o
/usr/bin/cc    -o CMakeFiles/cmTryCompileExec4286577771.dir/CheckSymbolExists.c.o   -c /home/brent/ros_ws/k2_client/build/CMakeFiles/CMakeTmp/CheckSymbolExists.c
Linking C executable cmTryCompileExec4286577771
/usr/local/bin/cmake -E cmake_link_script CMakeFiles/cmTryCompileExec4286577771.dir/link.txt --verbose=1
/usr/bin/cc       CMakeFiles/cmTryCompileExec4286577771.dir/CheckSymbolExists.c.o  -o cmTryCompileExec4286577771 -rdynamic 
CMakeFiles/cmTryCompileExec4286577771.dir/CheckSymbolExists.c.o: In function `main':
CheckSymbolExists.c:(.text+0x16): undefined reference to `pthread_create'
collect2: ld returned 1 exit status
make[2]: Leaving directory `/home/brent/ros_ws/k2_client/build/CMakeFiles/CMakeTmp'
make[2]: *** [cmTryCompileExec4286577771] Error 1
make[1]: Leaving directory `/home/brent/ros_ws/k2_client/build/CMakeFiles/CMakeTmp'
make[1]: *** [cmTryCompileExec4286577771/fast] Error 2

File /home/brent/ros_ws/k2_client/build/CMakeFiles/CMakeTmp/CheckSymbolExists.c:
/* */
#include <pthread.h>

int main(int argc, char** argv)
{
  (void)argv;
#ifndef pthread_create
  return ((int*)(&pthread_create))[argc];
#else
  (void)argc;
  return 0;
#endif
}

Determining if the function pthread_create exists in the pthreads failed with the following output:
Change Dir: /home/brent/ros_ws/k2_client/build/CMakeFiles/CMakeTmp

Run Build Command:"/usr/bin/make" "cmTryCompileExec928989550/fast"
make[1]: Entering directory `/home/brent/ros_ws/k2_client/build/CMakeFiles/CMakeTmp'
/usr/bin/make -f CMakeFiles/cmTryCompileExec928989550.dir/build.make CMakeFiles/cmTryCompileExec928989550.dir/build
make[2]: Entering directory `/home/brent/ros_ws/k2_client/build/CMakeFiles/CMakeTmp'
/usr/local/bin/cmake -E cmake_progress_report /home/brent/ros_ws/k2_client/build/CMakeFiles/CMakeTmp/CMakeFiles 1
Building C object CMakeFiles/cmTryCompileExec928989550.dir/CheckFunctionExists.c.o
/usr/bin/cc   -DCHECK_FUNCTION_EXISTS=pthread_create   -o CMakeFiles/cmTryCompileExec928989550.dir/CheckFunctionExists.c.o   -c /usr/local/share/cmake-3.2/Modules/CheckFunctionExists.c
Linking C executable cmTryCompileExec928989550
/usr/local/bin/cmake -E cmake_link_script CMakeFiles/cmTryCompileExec928989550.dir/link.txt --verbose=1
/usr/bin/cc   -DCHECK_FUNCTION_EXISTS=pthread_create    CMakeFiles/cmTryCompileExec928989550.dir/CheckFunctionExists.c.o  -o cmTryCompileExec928989550 -rdynamic -lpthreads 
/usr/bin/ld: cannot find -lpthreads
collect2: ld returned 1 exit status
make[2]: *** [cmTryCompileExec928989550] Error 1
make[2]: Leaving directory `/home/brent/ros_ws/k2_client/build/CMakeFiles/CMakeTmp'
make[1]: Leaving directory `/home/brent/ros_ws/k2_client/build/CMakeFiles/CMakeTmp'
make[1]: *** [cmTryCompileExec928989550/fast] Error 2


